p/1666576497696.jpg 1 0 0 1280 720
p/1666576799103.jpg 1 0 0 1280 720
p/1666576796141.jpg 1 0 0 1280 720
p/1666576801866.jpg 1 0 0 1280 720
p/1666576787563.jpg 1 0 0 1280 720
p/1666576784902.jpg 1 0 0 1280 720
p/1666576784901.jpg 1 0 0 1280 720
p/1666576787564.jpg 1 0 0 1280 720
p/1666576781838.jpg 1 0 0 1280 720
p/1666576765705.jpg 1 0 0 1280 720
p/1666576761714.jpg 1 0 0 1280 720
p/1666576781839.jpg 1 0 0 1280 720
p/1666576758750.jpg 1 0 0 1280 720
p/1666576752598.jpg 1 0 0 1280 720
p/1666576729893.jpg 1 0 0 1280 720
p/1666576758751.jpg 1 0 0 1280 720
p/1666576709487.jpg 1 0 0 1280 720
p/1666576709486.jpg 1 0 0 1280 720
p/1666576804935.jpg 1 0 0 1280 720
p/1666576816383.jpg 1 0 0 1280 720
p/1666576819312.jpg 1 0 0 1280 720
p/1666576497697.jpg 1 0 0 1280 720
p/1666576765704.jpg 1 0 0 1280 720
p/1666576812913.jpg 1 0 0 1280 720
p/1666576816382.jpg 1 0 0 1280 720
p/2.jpg 1 0 0 1280 720
p/1666576804933.jpg 1 0 0 1280 720
p/1666576804934.jpg 1 0 0 1280 720
p/3.jpg 1 0 0 1280 720